Analysis & Synthesis report for projeto_sd
Wed Feb 15 02:50:42 2023
Quartus Prime Version 20.1.0 Build 711 06/05/2020 SJ Lite Edition


---------------------
; Table of Contents ;
---------------------
  1. Legal Notice
  2. Analysis & Synthesis Summary
  3. Analysis & Synthesis Settings
  4. Parallel Compilation
  5. Analysis & Synthesis Source Files Read
  6. Analysis & Synthesis Resource Usage Summary
  7. Analysis & Synthesis Resource Utilization by Entity
  8. General Register Statistics
  9. Post-Synthesis Netlist Statistics for Top Partition
 10. Elapsed Time Per Partition
 11. Analysis & Synthesis Messages



----------------
; Legal Notice ;
----------------
Copyright (C) 2020  Intel Corporation. All rights reserved.
Your use of Intel Corporation's design tools, logic functions 
and other software and tools, and any partner logic 
functions, and any output files from any of the foregoing 
(including device programming or simulation files), and any 
associated documentation or information are expressly subject 
to the terms and conditions of the Intel Program License 
Subscription Agreement, the Intel Quartus Prime License Agreement,
the Intel FPGA IP License Agreement, or other applicable license
agreement, including, without limitation, that your use is for
the sole purpose of programming logic devices manufactured by
Intel and sold by Intel or its authorized distributors.  Please
refer to the applicable agreement for further details, at
https://fpgasoftware.intel.com/eula.



+----------------------------------------------------------------------------------+
; Analysis & Synthesis Summary                                                     ;
+------------------------------------+---------------------------------------------+
; Analysis & Synthesis Status        ; Successful - Wed Feb 15 02:50:42 2023       ;
; Quartus Prime Version              ; 20.1.0 Build 711 06/05/2020 SJ Lite Edition ;
; Revision Name                      ; projeto_sd                                  ;
; Top-level Entity Name              ; projeto_sd                                  ;
; Family                             ; Cyclone IV E                                ;
; Total logic elements               ; 146                                         ;
;     Total combinational functions  ; 146                                         ;
;     Dedicated logic registers      ; 0                                           ;
; Total registers                    ; 0                                           ;
; Total pins                         ; 62                                          ;
; Total virtual pins                 ; 0                                           ;
; Total memory bits                  ; 0                                           ;
; Embedded Multiplier 9-bit elements ; 0                                           ;
; Total PLLs                         ; 0                                           ;
+------------------------------------+---------------------------------------------+


+------------------------------------------------------------------------------------------------------------+
; Analysis & Synthesis Settings                                                                              ;
+------------------------------------------------------------------+--------------------+--------------------+
; Option                                                           ; Setting            ; Default Value      ;
+------------------------------------------------------------------+--------------------+--------------------+
; Device                                                           ; EP4CE115F29C7      ;                    ;
; Top-level entity name                                            ; projeto_sd         ; projeto_sd         ;
; Family name                                                      ; Cyclone IV E       ; Cyclone IV GX      ;
; Use smart compilation                                            ; Off                ; Off                ;
; Enable parallel Assembler and Timing Analyzer during compilation ; On                 ; On                 ;
; Enable compact report table                                      ; Off                ; Off                ;
; Restructure Multiplexers                                         ; Auto               ; Auto               ;
; Create Debugging Nodes for IP Cores                              ; Off                ; Off                ;
; Preserve fewer node names                                        ; On                 ; On                 ;
; Intel FPGA IP Evaluation Mode                                    ; Enable             ; Enable             ;
; Verilog Version                                                  ; Verilog_2001       ; Verilog_2001       ;
; VHDL Version                                                     ; VHDL_1993          ; VHDL_1993          ;
; State Machine Processing                                         ; Auto               ; Auto               ;
; Safe State Machine                                               ; Off                ; Off                ;
; Extract Verilog State Machines                                   ; On                 ; On                 ;
; Extract VHDL State Machines                                      ; On                 ; On                 ;
; Ignore Verilog initial constructs                                ; Off                ; Off                ;
; Iteration limit for constant Verilog loops                       ; 5000               ; 5000               ;
; Iteration limit for non-constant Verilog loops                   ; 250                ; 250                ;
; Add Pass-Through Logic to Inferred RAMs                          ; On                 ; On                 ;
; Infer RAMs from Raw Logic                                        ; On                 ; On                 ;
; Parallel Synthesis                                               ; On                 ; On                 ;
; DSP Block Balancing                                              ; Auto               ; Auto               ;
; NOT Gate Push-Back                                               ; On                 ; On                 ;
; Power-Up Don't Care                                              ; On                 ; On                 ;
; Remove Redundant Logic Cells                                     ; Off                ; Off                ;
; Remove Duplicate Registers                                       ; On                 ; On                 ;
; Ignore CARRY Buffers                                             ; Off                ; Off                ;
; Ignore CASCADE Buffers                                           ; Off                ; Off                ;
; Ignore GLOBAL Buffers                                            ; Off                ; Off                ;
; Ignore ROW GLOBAL Buffers                                        ; Off                ; Off                ;
; Ignore LCELL Buffers                                             ; Off                ; Off                ;
; Ignore SOFT Buffers                                              ; On                 ; On                 ;
; Limit AHDL Integers to 32 Bits                                   ; Off                ; Off                ;
; Optimization Technique                                           ; Balanced           ; Balanced           ;
; Carry Chain Length                                               ; 70                 ; 70                 ;
; Auto Carry Chains                                                ; On                 ; On                 ;
; Auto Open-Drain Pins                                             ; On                 ; On                 ;
; Perform WYSIWYG Primitive Resynthesis                            ; Off                ; Off                ;
; Auto ROM Replacement                                             ; On                 ; On                 ;
; Auto RAM Replacement                                             ; On                 ; On                 ;
; Auto DSP Block Replacement                                       ; On                 ; On                 ;
; Auto Shift Register Replacement                                  ; Auto               ; Auto               ;
; Allow Shift Register Merging across Hierarchies                  ; Auto               ; Auto               ;
; Auto Clock Enable Replacement                                    ; On                 ; On                 ;
; Strict RAM Replacement                                           ; Off                ; Off                ;
; Allow Synchronous Control Signals                                ; On                 ; On                 ;
; Force Use of Synchronous Clear Signals                           ; Off                ; Off                ;
; Auto RAM Block Balancing                                         ; On                 ; On                 ;
; Auto RAM to Logic Cell Conversion                                ; Off                ; Off                ;
; Auto Resource Sharing                                            ; Off                ; Off                ;
; Allow Any RAM Size For Recognition                               ; Off                ; Off                ;
; Allow Any ROM Size For Recognition                               ; Off                ; Off                ;
; Allow Any Shift Register Size For Recognition                    ; Off                ; Off                ;
; Use LogicLock Constraints during Resource Balancing              ; On                 ; On                 ;
; Ignore translate_off and synthesis_off directives                ; Off                ; Off                ;
; Timing-Driven Synthesis                                          ; On                 ; On                 ;
; Report Parameter Settings                                        ; On                 ; On                 ;
; Report Source Assignments                                        ; On                 ; On                 ;
; Report Connectivity Checks                                       ; On                 ; On                 ;
; Ignore Maximum Fan-Out Assignments                               ; Off                ; Off                ;
; Synchronization Register Chain Length                            ; 2                  ; 2                  ;
; Power Optimization During Synthesis                              ; Normal compilation ; Normal compilation ;
; HDL message level                                                ; Level2             ; Level2             ;
; Suppress Register Optimization Related Messages                  ; Off                ; Off                ;
; Number of Removed Registers Reported in Synthesis Report         ; 5000               ; 5000               ;
; Number of Swept Nodes Reported in Synthesis Report               ; 5000               ; 5000               ;
; Number of Inverted Registers Reported in Synthesis Report        ; 100                ; 100                ;
; Clock MUX Protection                                             ; On                 ; On                 ;
; Auto Gated Clock Conversion                                      ; Off                ; Off                ;
; Block Design Naming                                              ; Auto               ; Auto               ;
; SDC constraint protection                                        ; Off                ; Off                ;
; Synthesis Effort                                                 ; Auto               ; Auto               ;
; Shift Register Replacement - Allow Asynchronous Clear Signal     ; On                 ; On                 ;
; Pre-Mapping Resynthesis Optimization                             ; Off                ; Off                ;
; Analysis & Synthesis Message Level                               ; Medium             ; Medium             ;
; Disable Register Merging Across Hierarchies                      ; Auto               ; Auto               ;
; Resource Aware Inference For Block RAM                           ; On                 ; On                 ;
+------------------------------------------------------------------+--------------------+--------------------+


+------------------------------------------+
; Parallel Compilation                     ;
+----------------------------+-------------+
; Processors                 ; Number      ;
+----------------------------+-------------+
; Number detected on machine ; 4           ;
; Maximum allowed            ; 2           ;
;                            ;             ;
; Average used               ; 1.00        ;
; Maximum used               ; 1           ;
;                            ;             ;
; Usage by Processor         ; % Time Used ;
;     Processor 1            ; 100.0%      ;
+----------------------------+-------------+


+-----------------------------------------------------------------------------------------------------------------------------------------------------------------------------------------------------+
; Analysis & Synthesis Source Files Read                                                                                                                                                              ;
+-----------------------------------------+-----------------+------------------------------------+------------------------------------------------------------------------------------------+---------+
; File Name with User-Entered Path        ; Used in Netlist ; File Type                          ; File Name with Absolute Path                                                             ; Library ;
+-----------------------------------------+-----------------+------------------------------------+------------------------------------------------------------------------------------------+---------+
; Somador/Somador.bdf                     ; yes             ; User Block Diagram/Schematic File  ; C:/Users/foxwo/OneDrive/Documentos/projeto_sdatt/Somador/Somador.bdf                     ;         ;
; Comp2/Comp2.bdf                         ; yes             ; User Block Diagram/Schematic File  ; C:/Users/foxwo/OneDrive/Documentos/projeto_sdatt/Comp2/Comp2.bdf                         ;         ;
; and_module/and_module.bdf               ; yes             ; User Block Diagram/Schematic File  ; C:/Users/foxwo/OneDrive/Documentos/projeto_sdatt/and_module/and_module.bdf               ;         ;
; xor_module/xor_module.bdf               ; yes             ; User Block Diagram/Schematic File  ; C:/Users/foxwo/OneDrive/Documentos/projeto_sdatt/xor_module/xor_module.bdf               ;         ;
; comparadores/greater_comparator.bdf     ; yes             ; User Block Diagram/Schematic File  ; C:/Users/foxwo/OneDrive/Documentos/projeto_sdatt/comparadores/greater_comparator.bdf     ;         ;
; comparadores/less_comparator.bdf        ; yes             ; User Block Diagram/Schematic File  ; C:/Users/foxwo/OneDrive/Documentos/projeto_sdatt/comparadores/less_comparator.bdf        ;         ;
; comparadores/equals_comparator.bdf      ; yes             ; User Block Diagram/Schematic File  ; C:/Users/foxwo/OneDrive/Documentos/projeto_sdatt/comparadores/equals_comparator.bdf      ;         ;
; subtrator/subtrator.bdf                 ; yes             ; User Block Diagram/Schematic File  ; C:/Users/foxwo/OneDrive/Documentos/projeto_sdatt/subtrator/subtrator.bdf                 ;         ;
; seletor/projeto_sd.bdf                  ; yes             ; User Block Diagram/Schematic File  ; C:/Users/foxwo/OneDrive/Documentos/projeto_sdatt/seletor/projeto_sd.bdf                  ;         ;
; comparadores/greater_comparator_mod.bdf ; yes             ; User Block Diagram/Schematic File  ; C:/Users/foxwo/OneDrive/Documentos/projeto_sdatt/comparadores/greater_comparator_mod.bdf ;         ;
; output_files/SomadorCompleto4Bits.bdf   ; yes             ; User Block Diagram/Schematic File  ; C:/Users/foxwo/OneDrive/Documentos/projeto_sdatt/output_files/SomadorCompleto4Bits.bdf   ;         ;
; Somador/SomadorCompleto4x1.bdf          ; yes             ; User Block Diagram/Schematic File  ; C:/Users/foxwo/OneDrive/Documentos/projeto_sdatt/Somador/SomadorCompleto4x1.bdf          ;         ;
; Somador/SomadorCompleto6x1.bdf          ; yes             ; User Block Diagram/Schematic File  ; C:/Users/foxwo/OneDrive/Documentos/projeto_sdatt/Somador/SomadorCompleto6x1.bdf          ;         ;
; Somador/SomadorFinal.bdf                ; yes             ; User Block Diagram/Schematic File  ; C:/Users/foxwo/OneDrive/Documentos/projeto_sdatt/Somador/SomadorFinal.bdf                ;         ;
; 7segmentos/7segmentos_entrada.bdf       ; yes             ; User Block Diagram/Schematic File  ; C:/Users/foxwo/OneDrive/Documentos/projeto_sdatt/7segmentos/7segmentos_entrada.bdf       ;         ;
; 7segmentos/7segmentos_saida.bdf         ; yes             ; User Block Diagram/Schematic File  ; C:/Users/foxwo/OneDrive/Documentos/projeto_sdatt/7segmentos/7segmentos_saida.bdf         ;         ;
+-----------------------------------------+-----------------+------------------------------------+------------------------------------------------------------------------------------------+---------+


+----------------------------------------------------------+
; Analysis & Synthesis Resource Usage Summary              ;
+---------------------------------------------+------------+
; Resource                                    ; Usage      ;
+---------------------------------------------+------------+
; Estimated Total logic elements              ; 146        ;
;                                             ;            ;
; Total combinational functions               ; 146        ;
; Logic element usage by number of LUT inputs ;            ;
;     -- 4 input functions                    ; 111        ;
;     -- 3 input functions                    ; 25         ;
;     -- <=2 input functions                  ; 10         ;
;                                             ;            ;
; Logic elements by mode                      ;            ;
;     -- normal mode                          ; 146        ;
;     -- arithmetic mode                      ; 0          ;
;                                             ;            ;
; Total registers                             ; 0          ;
;     -- Dedicated logic registers            ; 0          ;
;     -- I/O registers                        ; 0          ;
;                                             ;            ;
; I/O pins                                    ; 62         ;
;                                             ;            ;
; Embedded Multiplier 9-bit elements          ; 0          ;
;                                             ;            ;
; Maximum fan-out node                        ; A[0]~input ;
; Maximum fan-out                             ; 29         ;
; Total fan-out                               ; 643        ;
; Average fan-out                             ; 2.38       ;
+---------------------------------------------+------------+


+----------------------------------------------------------------------------------------------------------------------------------------------------------------------------------------------------------------------------------------------------------------------------------+
; Analysis & Synthesis Resource Utilization by Entity                                                                                                                                                                                                                              ;
+-------------------------------------+---------------------+---------------------------+-------------+--------------+---------+-----------+------+--------------+---------------------------------------------------------------------------+----------------------+--------------+
; Compilation Hierarchy Node          ; Combinational ALUTs ; Dedicated Logic Registers ; Memory Bits ; DSP Elements ; DSP 9x9 ; DSP 18x18 ; Pins ; Virtual Pins ; Full Hierarchy Name                                                       ; Entity Name          ; Library Name ;
+-------------------------------------+---------------------+---------------------------+-------------+--------------+---------+-----------+------+--------------+---------------------------------------------------------------------------+----------------------+--------------+
; |projeto_sd                         ; 146 (40)            ; 0 (0)                     ; 0           ; 0            ; 0       ; 0         ; 62   ; 0            ; |projeto_sd                                                               ; projeto_sd           ; work         ;
;    |7segmentos_entrada:inst59|      ; 8 (8)               ; 0 (0)                     ; 0           ; 0            ; 0       ; 0         ; 0    ; 0            ; |projeto_sd|7segmentos_entrada:inst59                                     ; 7segmentos_entrada   ; work         ;
;    |7segmentos_entrada:inst61|      ; 8 (8)               ; 0 (0)                     ; 0           ; 0            ; 0       ; 0         ; 0    ; 0            ; |projeto_sd|7segmentos_entrada:inst61                                     ; 7segmentos_entrada   ; work         ;
;    |7segmentos_saida:inst71|        ; 30 (30)             ; 0 (0)                     ; 0           ; 0            ; 0       ; 0         ; 0    ; 0            ; |projeto_sd|7segmentos_saida:inst71                                       ; 7segmentos_saida     ; work         ;
;    |Comp2:inst1|                    ; 2 (0)               ; 0 (0)                     ; 0           ; 0            ; 0       ; 0         ; 0    ; 0            ; |projeto_sd|Comp2:inst1                                                   ; Comp2                ; work         ;
;       |Somador:inst6|               ; 1 (1)               ; 0 (0)                     ; 0           ; 0            ; 0       ; 0         ; 0    ; 0            ; |projeto_sd|Comp2:inst1|Somador:inst6                                     ; Somador              ; work         ;
;       |Somador:inst7|               ; 1 (1)               ; 0 (0)                     ; 0           ; 0            ; 0       ; 0         ; 0    ; 0            ; |projeto_sd|Comp2:inst1|Somador:inst7                                     ; Somador              ; work         ;
;    |SomadorFinal:inst12|            ; 20 (10)             ; 0 (0)                     ; 0           ; 0            ; 0       ; 0         ; 0    ; 0            ; |projeto_sd|SomadorFinal:inst12                                           ; SomadorFinal         ; work         ;
;       |SomadorCompleto4Bits:inst34| ; 4 (0)               ; 0 (0)                     ; 0           ; 0            ; 0       ; 0         ; 0    ; 0            ; |projeto_sd|SomadorFinal:inst12|SomadorCompleto4Bits:inst34               ; SomadorCompleto4Bits ; work         ;
;          |Somador:inst2|            ; 2 (2)               ; 0 (0)                     ; 0           ; 0            ; 0       ; 0         ; 0    ; 0            ; |projeto_sd|SomadorFinal:inst12|SomadorCompleto4Bits:inst34|Somador:inst2 ; Somador              ; work         ;
;          |Somador:inst3|            ; 1 (1)               ; 0 (0)                     ; 0           ; 0            ; 0       ; 0         ; 0    ; 0            ; |projeto_sd|SomadorFinal:inst12|SomadorCompleto4Bits:inst34|Somador:inst3 ; Somador              ; work         ;
;          |Somador:inst4|            ; 1 (1)               ; 0 (0)                     ; 0           ; 0            ; 0       ; 0         ; 0    ; 0            ; |projeto_sd|SomadorFinal:inst12|SomadorCompleto4Bits:inst34|Somador:inst4 ; Somador              ; work         ;
;       |SomadorCompleto4x1:inst37|   ; 3 (0)               ; 0 (0)                     ; 0           ; 0            ; 0       ; 0         ; 0    ; 0            ; |projeto_sd|SomadorFinal:inst12|SomadorCompleto4x1:inst37                 ; SomadorCompleto4x1   ; work         ;
;          |Somador:inst5|            ; 2 (2)               ; 0 (0)                     ; 0           ; 0            ; 0       ; 0         ; 0    ; 0            ; |projeto_sd|SomadorFinal:inst12|SomadorCompleto4x1:inst37|Somador:inst5   ; Somador              ; work         ;
;          |Somador:inst6|            ; 1 (1)               ; 0 (0)                     ; 0           ; 0            ; 0       ; 0         ; 0    ; 0            ; |projeto_sd|SomadorFinal:inst12|SomadorCompleto4x1:inst37|Somador:inst6   ; Somador              ; work         ;
;       |SomadorCompleto6x1:inst31|   ; 3 (0)               ; 0 (0)                     ; 0           ; 0            ; 0       ; 0         ; 0    ; 0            ; |projeto_sd|SomadorFinal:inst12|SomadorCompleto6x1:inst31                 ; SomadorCompleto6x1   ; work         ;
;          |Somador:inst5|            ; 1 (1)               ; 0 (0)                     ; 0           ; 0            ; 0       ; 0         ; 0    ; 0            ; |projeto_sd|SomadorFinal:inst12|SomadorCompleto6x1:inst31|Somador:inst5   ; Somador              ; work         ;
;          |Somador:inst6|            ; 1 (1)               ; 0 (0)                     ; 0           ; 0            ; 0       ; 0         ; 0    ; 0            ; |projeto_sd|SomadorFinal:inst12|SomadorCompleto6x1:inst31|Somador:inst6   ; Somador              ; work         ;
;          |Somador:inst7|            ; 1 (1)               ; 0 (0)                     ; 0           ; 0            ; 0       ; 0         ; 0    ; 0            ; |projeto_sd|SomadorFinal:inst12|SomadorCompleto6x1:inst31|Somador:inst7   ; Somador              ; work         ;
;    |equals_comparator:inst6|        ; 3 (3)               ; 0 (0)                     ; 0           ; 0            ; 0       ; 0         ; 0    ; 0            ; |projeto_sd|equals_comparator:inst6                                       ; equals_comparator    ; work         ;
;    |greater_comparator:inst15|      ; 7 (7)               ; 0 (0)                     ; 0           ; 0            ; 0       ; 0         ; 0    ; 0            ; |projeto_sd|greater_comparator:inst15                                     ; greater_comparator   ; work         ;
;    |less_comparator:inst14|         ; 6 (6)               ; 0 (0)                     ; 0           ; 0            ; 0       ; 0         ; 0    ; 0            ; |projeto_sd|less_comparator:inst14                                        ; less_comparator      ; work         ;
;    |subtrator:inst9|                ; 22 (8)              ; 0 (0)                     ; 0           ; 0            ; 0       ; 0         ; 0    ; 0            ; |projeto_sd|subtrator:inst9                                               ; subtrator            ; work         ;
;       |SomadorCompleto4Bits:inst34| ; 4 (0)               ; 0 (0)                     ; 0           ; 0            ; 0       ; 0         ; 0    ; 0            ; |projeto_sd|subtrator:inst9|SomadorCompleto4Bits:inst34                   ; SomadorCompleto4Bits ; work         ;
;          |Somador:inst2|            ; 2 (2)               ; 0 (0)                     ; 0           ; 0            ; 0       ; 0         ; 0    ; 0            ; |projeto_sd|subtrator:inst9|SomadorCompleto4Bits:inst34|Somador:inst2     ; Somador              ; work         ;
;          |Somador:inst3|            ; 1 (1)               ; 0 (0)                     ; 0           ; 0            ; 0       ; 0         ; 0    ; 0            ; |projeto_sd|subtrator:inst9|SomadorCompleto4Bits:inst34|Somador:inst3     ; Somador              ; work         ;
;          |Somador:inst4|            ; 1 (1)               ; 0 (0)                     ; 0           ; 0            ; 0       ; 0         ; 0    ; 0            ; |projeto_sd|subtrator:inst9|SomadorCompleto4Bits:inst34|Somador:inst4     ; Somador              ; work         ;
;       |SomadorCompleto4x1:inst36|   ; 4 (0)               ; 0 (0)                     ; 0           ; 0            ; 0       ; 0         ; 0    ; 0            ; |projeto_sd|subtrator:inst9|SomadorCompleto4x1:inst36                     ; SomadorCompleto4x1   ; work         ;
;          |Somador:inst5|            ; 1 (1)               ; 0 (0)                     ; 0           ; 0            ; 0       ; 0         ; 0    ; 0            ; |projeto_sd|subtrator:inst9|SomadorCompleto4x1:inst36|Somador:inst5       ; Somador              ; work         ;
;          |Somador:inst6|            ; 2 (2)               ; 0 (0)                     ; 0           ; 0            ; 0       ; 0         ; 0    ; 0            ; |projeto_sd|subtrator:inst9|SomadorCompleto4x1:inst36|Somador:inst6       ; Somador              ; work         ;
;          |Somador:inst7|            ; 1 (1)               ; 0 (0)                     ; 0           ; 0            ; 0       ; 0         ; 0    ; 0            ; |projeto_sd|subtrator:inst9|SomadorCompleto4x1:inst36|Somador:inst7       ; Somador              ; work         ;
;       |SomadorCompleto4x1:inst37|   ; 3 (0)               ; 0 (0)                     ; 0           ; 0            ; 0       ; 0         ; 0    ; 0            ; |projeto_sd|subtrator:inst9|SomadorCompleto4x1:inst37                     ; SomadorCompleto4x1   ; work         ;
;          |Somador:inst5|            ; 2 (2)               ; 0 (0)                     ; 0           ; 0            ; 0       ; 0         ; 0    ; 0            ; |projeto_sd|subtrator:inst9|SomadorCompleto4x1:inst37|Somador:inst5       ; Somador              ; work         ;
;          |Somador:inst6|            ; 1 (1)               ; 0 (0)                     ; 0           ; 0            ; 0       ; 0         ; 0    ; 0            ; |projeto_sd|subtrator:inst9|SomadorCompleto4x1:inst37|Somador:inst6       ; Somador              ; work         ;
;       |SomadorCompleto6x1:inst31|   ; 3 (0)               ; 0 (0)                     ; 0           ; 0            ; 0       ; 0         ; 0    ; 0            ; |projeto_sd|subtrator:inst9|SomadorCompleto6x1:inst31                     ; SomadorCompleto6x1   ; work         ;
;          |Somador:inst5|            ; 1 (1)               ; 0 (0)                     ; 0           ; 0            ; 0       ; 0         ; 0    ; 0            ; |projeto_sd|subtrator:inst9|SomadorCompleto6x1:inst31|Somador:inst5       ; Somador              ; work         ;
;          |Somador:inst6|            ; 1 (1)               ; 0 (0)                     ; 0           ; 0            ; 0       ; 0         ; 0    ; 0            ; |projeto_sd|subtrator:inst9|SomadorCompleto6x1:inst31|Somador:inst6       ; Somador              ; work         ;
;          |Somador:inst7|            ; 1 (1)               ; 0 (0)                     ; 0           ; 0            ; 0       ; 0         ; 0    ; 0            ; |projeto_sd|subtrator:inst9|SomadorCompleto6x1:inst31|Somador:inst7       ; Somador              ; work         ;
+-------------------------------------+---------------------+---------------------------+-------------+--------------+---------+-----------+------+--------------+---------------------------------------------------------------------------+----------------------+--------------+
Note: For table entries with two numbers listed, the numbers in parentheses indicate the number of resources of the given type used by the specific entity alone. The numbers listed outside of parentheses indicate the total resources of the given type used by the specific entity and all of its sub-entities in the hierarchy.


+------------------------------------------------------+
; General Register Statistics                          ;
+----------------------------------------------+-------+
; Statistic                                    ; Value ;
+----------------------------------------------+-------+
; Total registers                              ; 0     ;
; Number of registers using Synchronous Clear  ; 0     ;
; Number of registers using Synchronous Load   ; 0     ;
; Number of registers using Asynchronous Clear ; 0     ;
; Number of registers using Asynchronous Load  ; 0     ;
; Number of registers using Clock Enable       ; 0     ;
; Number of registers using Preset             ; 0     ;
+----------------------------------------------+-------+


+-----------------------------------------------------+
; Post-Synthesis Netlist Statistics for Top Partition ;
+-----------------------+-----------------------------+
; Type                  ; Count                       ;
+-----------------------+-----------------------------+
; boundary_port         ; 62                          ;
; cycloneiii_lcell_comb ; 170                         ;
;     normal            ; 170                         ;
;         0 data inputs ; 2                           ;
;         1 data inputs ; 22                          ;
;         2 data inputs ; 10                          ;
;         3 data inputs ; 25                          ;
;         4 data inputs ; 111                         ;
;                       ;                             ;
; Max LUT depth         ; 10.00                       ;
; Average LUT depth     ; 6.73                        ;
+-----------------------+-----------------------------+


+-------------------------------+
; Elapsed Time Per Partition    ;
+----------------+--------------+
; Partition Name ; Elapsed Time ;
+----------------+--------------+
; Top            ; 00:00:01     ;
+----------------+--------------+


+-------------------------------+
; Analysis & Synthesis Messages ;
+-------------------------------+
Info: *******************************************************************
Info: Running Quartus Prime Analysis & Synthesis
    Info: Version 20.1.0 Build 711 06/05/2020 SJ Lite Edition
    Info: Processing started: Wed Feb 15 02:50:29 2023
Info: Command: quartus_map --read_settings_files=on --write_settings_files=off projeto_sd -c projeto_sd
Warning (18236): Number of processors has not been specified which may cause overloading on shared machines.  Set the global assignment NUM_PARALLEL_PROCESSORS in your QSF to an appropriate value for best performance.
Info (20030): Parallel compilation is enabled and will use 2 of the 2 processors detected
Info (12021): Found 1 design units, including 1 entities, in source file somador/somador.bdf
    Info (12023): Found entity 1: Somador
Info (12021): Found 1 design units, including 1 entities, in source file somador/somadorcompleto.bdf
    Info (12023): Found entity 1: SomadorCompleto
Info (12021): Found 1 design units, including 1 entities, in source file comp2/comp2.bdf
    Info (12023): Found entity 1: Comp2
Info (12021): Found 1 design units, including 1 entities, in source file and_module/and_module.bdf
    Info (12023): Found entity 1: and_module
Info (12021): Found 1 design units, including 1 entities, in source file xor_module/xor_module.bdf
    Info (12023): Found entity 1: xor_module
Info (12021): Found 1 design units, including 1 entities, in source file comparadores/greater_comparator.bdf
    Info (12023): Found entity 1: greater_comparator
Info (12021): Found 1 design units, including 1 entities, in source file comparadores/less_comparator.bdf
    Info (12023): Found entity 1: less_comparator
Info (12021): Found 1 design units, including 1 entities, in source file comparadores/equals_comparator.bdf
    Info (12023): Found entity 1: equals_comparator
Info (12021): Found 1 design units, including 1 entities, in source file subtrator/subtrator.bdf
    Info (12023): Found entity 1: subtrator
Info (12021): Found 1 design units, including 1 entities, in source file somador/somadorcompletosub.bdf
    Info (12023): Found entity 1: SomadorCompletoSub
Info (12021): Found 1 design units, including 1 entities, in source file somador/somadorcompletode4.bdf
    Info (12023): Found entity 1: SomadorCompletoDe4
Info (12021): Found 1 design units, including 1 entities, in source file seletor/projeto_sd.bdf
    Info (12023): Found entity 1: projeto_sd
Info (12021): Found 1 design units, including 1 entities, in source file comparadores/greater_comparator_mod.bdf
    Info (12023): Found entity 1: greater_comparator_mod
Info (12021): Found 1 design units, including 1 entities, in source file output_files/somadorcompleto4bits.bdf
    Info (12023): Found entity 1: SomadorCompleto4Bits
Info (12021): Found 1 design units, including 1 entities, in source file somador/somadorcompleto4x1.bdf
    Info (12023): Found entity 1: SomadorCompleto4x1
Info (12021): Found 1 design units, including 1 entities, in source file somador/somadorcompleto6x1.bdf
    Info (12023): Found entity 1: SomadorCompleto6x1
Info (12021): Found 1 design units, including 1 entities, in source file somador/somadorfinal.bdf
    Info (12023): Found entity 1: SomadorFinal
Info (12021): Found 1 design units, including 1 entities, in source file 7segmentos/7segmentos_entrada.bdf
    Info (12023): Found entity 1: 7segmentos_entrada
Info (12021): Found 1 design units, including 1 entities, in source file 7segmentos/7segmentos_saida.bdf
    Info (12023): Found entity 1: 7segmentos_saida
Info (12127): Elaborating entity "projeto_sd" for the top level hierarchy
Warning (275083): Bus "res1[5..0]" found using same base name as "res", which might lead to a name conflict.
Warning (275083): Bus "res1[4]" found using same base name as "res", which might lead to a name conflict.
Warning (275083): Bus "res1[3]" found using same base name as "res", which might lead to a name conflict.
Warning (275083): Bus "res1[2]" found using same base name as "res", which might lead to a name conflict.
Warning (275083): Bus "res1[1]" found using same base name as "res", which might lead to a name conflict.
Warning (275083): Bus "res1[0]" found using same base name as "res", which might lead to a name conflict.
Warning (275083): Bus "res1[5]" found using same base name as "res", which might lead to a name conflict.
Warning (275083): Bus "res1[4..0]" found using same base name as "res", which might lead to a name conflict.
Warning (275011): Block or symbol "NOT" of instance "inst11" overlaps another block or symbol
Warning (275011): Block or symbol "NOT" of instance "inst18" overlaps another block or symbol
Warning (275011): Block or symbol "NOT" of instance "inst20" overlaps another block or symbol
Warning (275011): Block or symbol "NOT" of instance "inst22" overlaps another block or symbol
Warning (275011): Block or symbol "NOT" of instance "inst25" overlaps another block or symbol
Warning (275011): Block or symbol "NOT" of instance "inst27" overlaps another block or symbol
Warning (275011): Block or symbol "NOT" of instance "inst29" overlaps another block or symbol
Warning (275011): Block or symbol "NOT" of instance "inst31" overlaps another block or symbol
Warning (275011): Block or symbol "NOT" of instance "inst33" overlaps another block or symbol
Warning (275011): Block or symbol "NOT" of instance "inst35" overlaps another block or symbol
Warning (275011): Block or symbol "NOT" of instance "inst37" overlaps another block or symbol
Warning (275011): Block or symbol "NOT" of instance "inst39" overlaps another block or symbol
Warning (275011): Block or symbol "NOT" of instance "inst41" overlaps another block or symbol
Warning (275011): Block or symbol "NOT" of instance "inst43" overlaps another block or symbol
Warning (275011): Block or symbol "NOT" of instance "inst45" overlaps another block or symbol
Warning (275011): Block or symbol "NOT" of instance "inst47" overlaps another block or symbol
Warning (275011): Block or symbol "NOT" of instance "inst49" overlaps another block or symbol
Warning (275011): Block or symbol "NOT" of instance "inst51" overlaps another block or symbol
Warning (275011): Block or symbol "NOT" of instance "inst53" overlaps another block or symbol
Warning (275011): Block or symbol "NOT" of instance "inst55" overlaps another block or symbol
Warning (275011): Block or symbol "NOT" of instance "inst57" overlaps another block or symbol
Warning (275080): Converted elements in bus name "res" using legacy naming rules. Make any assignments on the new names, not on the original names.
    Warning (275081): Converted element name(s) from "res[4]" to "res4"
    Warning (275081): Converted element name(s) from "res[3]" to "res3"
    Warning (275081): Converted element name(s) from "res[2]" to "res2"
    Warning (275081): Converted element name(s) from "res[1]" to "res1"
    Warning (275081): Converted element name(s) from "res[0]" to "res0"
    Warning (275081): Converted element name(s) from "res[5..0]" to "res5..0"
    Warning (275081): Converted element name(s) from "res[4..0]" to "res4..0"
    Warning (275081): Converted element name(s) from "res[5]" to "res5"
Warning (275080): Converted elements in bus name "res1" using legacy naming rules. Make any assignments on the new names, not on the original names.
    Warning (275081): Converted element name(s) from "res1[5..0]" to "res15..0"
    Warning (275081): Converted element name(s) from "res1[4]" to "res14"
    Warning (275081): Converted element name(s) from "res1[3]" to "res13"
    Warning (275081): Converted element name(s) from "res1[2]" to "res12"
    Warning (275081): Converted element name(s) from "res1[1]" to "res11"
    Warning (275081): Converted element name(s) from "res1[0]" to "res10"
    Warning (275081): Converted element name(s) from "res1[5]" to "res15"
    Warning (275081): Converted element name(s) from "res1[4..0]" to "res14..0"
Info (12128): Elaborating entity "equals_comparator" for hierarchy "equals_comparator:inst6"
Info (12128): Elaborating entity "less_comparator" for hierarchy "less_comparator:inst14"
Warning (275002): No superset bus at connection
Info (12128): Elaborating entity "greater_comparator" for hierarchy "greater_comparator:inst15"
Info (12128): Elaborating entity "subtrator" for hierarchy "subtrator:inst9"
Warning (275011): Block or symbol "SomadorCompleto4x1" of instance "inst36" overlaps another block or symbol
Warning (275011): Block or symbol "NOT" of instance "inst11" overlaps another block or symbol
Warning (275011): Block or symbol "NOT" of instance "inst14" overlaps another block or symbol
Warning (275011): Block or symbol "NOT" of instance "inst32" overlaps another block or symbol
Warning (275011): Block or symbol "NOT" of instance "inst35" overlaps another block or symbol
Warning (275011): Block or symbol "NOT" of instance "inst41" overlaps another block or symbol
Warning (275011): Block or symbol "NOT" of instance "inst43" overlaps another block or symbol
Warning (275011): Block or symbol "NOT" of instance "inst48" overlaps another block or symbol
Warning (275011): Block or symbol "NOT" of instance "inst50" overlaps another block or symbol
Info (12128): Elaborating entity "SomadorCompleto6x1" for hierarchy "subtrator:inst9|SomadorCompleto6x1:inst31"
Warning (275011): Block or symbol "Somador" of instance "inst7" overlaps another block or symbol
Info (12128): Elaborating entity "Somador" for hierarchy "subtrator:inst9|SomadorCompleto6x1:inst31|Somador:inst"
Info (12128): Elaborating entity "greater_comparator_mod" for hierarchy "subtrator:inst9|greater_comparator_mod:inst13"
Info (12128): Elaborating entity "SomadorCompleto4Bits" for hierarchy "subtrator:inst9|SomadorCompleto4Bits:inst34"
Info (12128): Elaborating entity "SomadorCompleto4x1" for hierarchy "subtrator:inst9|SomadorCompleto4x1:inst36"
Warning (275011): Block or symbol "Somador" of instance "inst7" overlaps another block or symbol
Info (12128): Elaborating entity "SomadorFinal" for hierarchy "SomadorFinal:inst12"
Warning (275011): Block or symbol "SomadorCompleto4x1" of instance "inst36" overlaps another block or symbol
Warning (275011): Block or symbol "NOT" of instance "inst11" overlaps another block or symbol
Warning (275011): Block or symbol "NOT" of instance "inst14" overlaps another block or symbol
Warning (275011): Block or symbol "NOT" of instance "inst30" overlaps another block or symbol
Warning (275011): Block or symbol "NOT" of instance "inst33" overlaps another block or symbol
Warning (275011): Block or symbol "NOT" of instance "inst39" overlaps another block or symbol
Warning (275011): Block or symbol "NOT" of instance "inst41" overlaps another block or symbol
Warning (275011): Block or symbol "NOT" of instance "inst47" overlaps another block or symbol
Warning (275011): Block or symbol "NOT" of instance "inst49" overlaps another block or symbol
Info (12128): Elaborating entity "7segmentos_entrada" for hierarchy "7segmentos_entrada:inst59"
Info (12128): Elaborating entity "7segmentos_saida" for hierarchy "7segmentos_saida:inst71"
Info (12128): Elaborating entity "Comp2" for hierarchy "Comp2:inst1"
Warning (275011): Block or symbol "Somador" of instance "inst7" overlaps another block or symbol
Info (12128): Elaborating entity "and_module" for hierarchy "and_module:inst10"
Info (12128): Elaborating entity "xor_module" for hierarchy "xor_module:inst4"
Warning (13024): Output pins are stuck at VCC or GND
    Warning (13410): Pin "EAb1" is stuck at GND
    Warning (13410): Pin "EAc1" is stuck at GND
    Warning (13410): Pin "EAg1" is stuck at VCC
    Warning (13410): Pin "Sb1" is stuck at GND
    Warning (13410): Pin "EBb1" is stuck at GND
    Warning (13410): Pin "EBc1" is stuck at GND
    Warning (13410): Pin "EBg1" is stuck at VCC
Info (286030): Timing-Driven Synthesis is running
Info (16010): Generating hard_block partition "hard_block:auto_generated_inst"
    Info (16011): Adding 0 node(s), including 0 DDIO, 0 PLL, 0 transceiver and 0 LCELL
Info (21057): Implemented 208 device resources after synthesis - the final resource count might be different
    Info (21058): Implemented 13 input pins
    Info (21059): Implemented 49 output pins
    Info (21061): Implemented 146 logic cells
Info: Quartus Prime Analysis & Synthesis was successful. 0 errors, 78 warnings
    Info: Peak virtual memory: 4737 megabytes
    Info: Processing ended: Wed Feb 15 02:50:43 2023
    Info: Elapsed time: 00:00:14
    Info: Total CPU time (on all processors): 00:00:26


